<?xml version="1.0" encoding="UTF-8"?>
<!-- Generated by org.testng.reporters.JUnitXMLReporter -->
<testsuite ignored="0" hostname="WINDELL-UIPL5D2" failures="0" tests="4" name="Default test" time="0.22" errors="0" timestamp="2025-09-18T16:44:52 EDT">
  <testcase classname="Groups.GroupsDemo" name="test1" time="0.013"/>
  <testcase classname="Groups.GroupsDemo" name="test2" time="0.009"/>
  <testcase classname="Groups.GroupsDemo" name="test3" time="0.007"/>
  <testcase classname="Groups.GroupsDemo" name="test4" time="0.004"/>
</testsuite> <!-- Default test -->
