<?xml version="1.0" encoding="UTF-8"?>
<!-- Generated by org.testng.reporters.JUnitXMLReporter -->
<testsuite ignored="2" hostname="WINDELL-UIPL5D2" failures="0" tests="2" name="Test" time="0.298" errors="0" timestamp="2025-09-18T16:45:12 EDT">
  <testcase classname="Groups.GroupsDemo" name="test1" time="0.072"/>
  <testcase classname="Groups.GroupsDemo" name="test4" time="0.007"/>
  <testcase classname="Groups.GroupsDemo" name="test2" time="0.0">
    <ignored/>
  </testcase> <!-- test2 -->
  <testcase classname="Groups.GroupsDemo" name="test3" time="0.0">
    <ignored/>
  </testcase> <!-- test3 -->
</testsuite> <!-- Test -->
