<?xml version="1.0" encoding="UTF-8"?>
<!-- Generated by org.testng.reporters.JUnitXMLReporter -->
<testsuite ignored="0" hostname="WINDELL-UIPL5D2" failures="1" tests="2" name="Listener Test" time="0.186" errors="0" timestamp="2025-09-20T20:41:16 EDT">
  <testcase classname="DataProvidersAndListeners.ListenerDemo" name="test1" time="0.034"/>
  <testcase classname="DataProvidersAndListeners.ListenerDemo" name="test2" time="0.033">
    <failure type="java.lang.AssertionError" message="expected [true] but found [false]">
      <![CDATA[java.lang.AssertionError: expected [true] but found [false]
at DataProvidersAndListeners.ListenerDemo.test2(ListenerDemo.java:16)
at java.base/java.util.ArrayList.forEach(ArrayList.java:1596)
... Removed 29 stack frames]]>
    </failure>
  </testcase> <!-- test2 -->
</testsuite> <!-- Listener Test -->
