<?xml version="1.0" encoding="UTF-8"?>
<testng-results ignored="0" total="1" passed="1" failed="0" skipped="0">
  <reporter-output>
  </reporter-output>
  <suite started-at="2025-09-07T16:27:48 EDT" name="Default suite" finished-at="2025-09-07T16:27:48 EDT" duration-ms="172">
    <groups>
    </groups>
    <test started-at="2025-09-07T16:27:48 EDT" name="Default test" finished-at="2025-09-07T16:27:48 EDT" duration-ms="172">
      <class name="com.class01.DifferentAnnotations">
        <test-method is-config="true" signature="beforeSuite()[pri:0, instance:com.class01.DifferentAnnotations@4d1c00d0]" started-at="2025-09-07T16:27:48 EDT" name="beforeSuite" finished-at="2025-09-07T16:27:48 EDT" duration-ms="55" status="PASS">
          <reporter-output>
          </reporter-output>
        </test-method> <!-- beforeSuite -->
        <test-method is-config="true" signature="beforeTest()[pri:0, instance:com.class01.DifferentAnnotations@4d1c00d0]" started-at="2025-09-07T16:27:48 EDT" name="beforeTest" finished-at="2025-09-07T16:27:48 EDT" duration-ms="3" status="PASS">
          <reporter-output>
          </reporter-output>
        </test-method> <!-- beforeTest -->
        <test-method is-config="true" signature="beforeClass()[pri:0, instance:com.class01.DifferentAnnotations@4d1c00d0]" started-at="2025-09-07T16:27:48 EDT" name="beforeClass" finished-at="2025-09-07T16:27:48 EDT" duration-ms="1" status="PASS">
          <reporter-output>
          </reporter-output>
        </test-method> <!-- beforeClass -->
        <test-method is-config="true" signature="beforeMethod()[pri:0, instance:com.class01.DifferentAnnotations@4d1c00d0]" started-at="2025-09-07T16:27:48 EDT" name="beforeMethod" finished-at="2025-09-07T16:27:48 EDT" duration-ms="3" status="PASS">
          <reporter-output>
          </reporter-output>
        </test-method> <!-- beforeMethod -->
        <test-method signature="test()[pri:0, instance:com.class01.DifferentAnnotations@4d1c00d0]" started-at="2025-09-07T16:27:48 EDT" name="test" finished-at="2025-09-07T16:27:48 EDT" duration-ms="28" status="PASS">
          <reporter-output>
          </reporter-output>
        </test-method> <!-- test -->
        <test-method is-config="true" signature="afterMethod()[pri:0, instance:com.class01.DifferentAnnotations@4d1c00d0]" started-at="2025-09-07T16:27:48 EDT" name="afterMethod" finished-at="2025-09-07T16:27:48 EDT" duration-ms="2" status="PASS">
          <reporter-output>
          </reporter-output>
        </test-method> <!-- afterMethod -->
        <test-method is-config="true" signature="afterClass()[pri:0, instance:com.class01.DifferentAnnotations@4d1c00d0]" started-at="2025-09-07T16:27:48 EDT" name="afterClass" finished-at="2025-09-07T16:27:48 EDT" duration-ms="3" status="PASS">
          <reporter-output>
          </reporter-output>
        </test-method> <!-- afterClass -->
        <test-method is-config="true" signature="afterTest()[pri:0, instance:com.class01.DifferentAnnotations@4d1c00d0]" started-at="2025-09-07T16:27:48 EDT" name="afterTest" finished-at="2025-09-07T16:27:48 EDT" duration-ms="1" status="PASS">
          <reporter-output>
          </reporter-output>
        </test-method> <!-- afterTest -->
        <test-method is-config="true" signature="afterSuite()[pri:0, instance:com.class01.DifferentAnnotations@4d1c00d0]" started-at="2025-09-07T16:27:48 EDT" name="afterSuite" finished-at="2025-09-07T16:27:48 EDT" duration-ms="2" status="PASS">
          <reporter-output>
          </reporter-output>
        </test-method> <!-- afterSuite -->
      </class> <!-- com.class01.DifferentAnnotations -->
    </test> <!-- Default test -->
  </suite> <!-- Default suite -->
</testng-results>
