<?xml version="1.0" encoding="UTF-8"?>
<testng-results ignored="2" total="4" passed="2" failed="0" skipped="0">
  <reporter-output>
  </reporter-output>
  <suite started-at="2025-09-18T16:45:11 EDT" name="Suite" finished-at="2025-09-18T16:45:12 EDT" duration-ms="298">
    <groups>
      <group name="regression">
        <method signature="GroupsDemo.test4()[pri:0, instance:Groups.GroupsDemo@9d5509a]" name="test4" class="Groups.GroupsDemo"/>
      </group> <!-- regression -->
      <group name="smoke">
        <method signature="GroupsDemo.test1()[pri:0, instance:Groups.GroupsDemo@9d5509a]" name="test1" class="Groups.GroupsDemo"/>
        <method signature="GroupsDemo.test4()[pri:0, instance:Groups.GroupsDemo@9d5509a]" name="test4" class="Groups.GroupsDemo"/>
      </group> <!-- smoke -->
    </groups>
    <test started-at="2025-09-18T16:45:11 EDT" name="Test" finished-at="2025-09-18T16:45:12 EDT" duration-ms="298">
      <class name="Groups.GroupsDemo">
        <test-method is-config="true" signature="beforeClass()[pri:0, instance:Groups.GroupsDemo@9d5509a]" started-at="2025-09-18T16:45:12 EDT" name="beforeClass" finished-at="2025-09-18T16:45:12 EDT" duration-ms="23" status="PASS">
          <reporter-output>
          </reporter-output>
        </test-method> <!-- beforeClass -->
        <test-method signature="test1()[pri:0, instance:Groups.GroupsDemo@9d5509a]" started-at="2025-09-18T16:45:12 EDT" name="test1" finished-at="2025-09-18T16:45:12 EDT" duration-ms="72" status="PASS">
          <reporter-output>
          </reporter-output>
        </test-method> <!-- test1 -->
        <test-method signature="test4()[pri:0, instance:Groups.GroupsDemo@9d5509a]" started-at="2025-09-18T16:45:12 EDT" name="test4" finished-at="2025-09-18T16:45:12 EDT" duration-ms="7" status="PASS">
          <reporter-output>
          </reporter-output>
        </test-method> <!-- test4 -->
        <test-method is-config="true" signature="afterClass()[pri:0, instance:Groups.GroupsDemo@9d5509a]" started-at="2025-09-18T16:45:12 EDT" name="afterClass" finished-at="2025-09-18T16:45:12 EDT" duration-ms="7" status="PASS">
          <reporter-output>
          </reporter-output>
        </test-method> <!-- afterClass -->
      </class> <!-- Groups.GroupsDemo -->
    </test> <!-- Test -->
  </suite> <!-- Suite -->
</testng-results>
